<?xml version="1.0" encoding="UTF-8"?>
<testng-results skipped="0" failed="0" ignored="0" total="1" passed="1">
  <reporter-output>
  </reporter-output>
  <suite name="Suite" duration-ms="9768" started-at="2020-07-21T18:25:59Z" finished-at="2020-07-21T18:26:08Z">
    <groups>
    </groups>
    <test name="Test" duration-ms="9768" started-at="2020-07-21T18:25:59Z" finished-at="2020-07-21T18:26:08Z">
      <class name="testScripts.ValidateHome">
        <test-method status="PASS" signature="initialize()[pri:0, instance:testScripts.ValidateHome@3f6b0be5]" name="initialize" is-config="true" duration-ms="7956" started-at="2020-07-21T18:25:59Z" finished-at="2020-07-21T18:26:07Z">
          <reporter-output>
          </reporter-output>
        </test-method> <!-- initialize -->
        <test-method status="PASS" signature="home()[pri:0, instance:testScripts.ValidateHome@3f6b0be5]" name="home" duration-ms="1709" started-at="2020-07-21T18:26:07Z" finished-at="2020-07-21T18:26:08Z">
          <reporter-output>
          </reporter-output>
        </test-method> <!-- home -->
        <test-method status="PASS" signature="tearDown()[pri:0, instance:testScripts.ValidateHome@3f6b0be5]" name="tearDown" is-config="true" duration-ms="77" started-at="2020-07-21T18:26:08Z" finished-at="2020-07-21T18:26:08Z">
          <reporter-output>
          </reporter-output>
        </test-method> <!-- tearDown -->
      </class> <!-- testScripts.ValidateHome -->
    </test> <!-- Test -->
  </suite> <!-- Suite -->
</testng-results>
